<?xml version="1.0" encoding="UTF-8"?>
<!-- Generated by org.testng.reporters.JUnitXMLReporter -->
<testsuite ignored="0" hostname="LAPTOP-0PKOEQOA" failures="0" tests="2" name="LinuxfirefoxTest" time="360.109" errors="0" timestamp="2025-04-17T13:41:34 IST">
  <testcase classname="TestCases.TC_LoginTest" name="LoginTest" time="0.0">
    <skipped/>
  </testcase> <!-- LoginTest -->
  <testcase classname="TestCases.TC_AccountRegistrationTest" name="accountRegistrationTest" time="0.0">
    <skipped/>
  </testcase> <!-- accountRegistrationTest -->
</testsuite> <!-- LinuxfirefoxTest -->
