<?xml version="1.0" encoding="UTF-8"?>
<!-- Generated by org.testng.reporters.JUnitXMLReporter -->
<testsuite ignored="2" hostname="LAPTOP-0PKOEQOA" failures="0" tests="0" time="0.009" errors="0" timestamp="2025-04-14T12:47:03 IST">
  <testcase classname="TestCases.TC_LoginTest" name="LoginTest" time="0.0">
    <ignored/>
  </testcase> <!-- LoginTest -->
  <testcase classname="TestCases.TC_AccountRegistrationTest" name="accountRegistrationTest" time="0.0">
    <ignored/>
  </testcase> <!-- accountRegistrationTest -->
</testsuite>
