<?xml version="1.0" encoding="UTF-8"?>
<!-- Generated by org.testng.reporters.JUnitXMLReporter -->
<testsuite ignored="1" hostname="LAPTOP-0PKOEQOA" failures="0" tests="2" name="Test" time="10.33" errors="0" timestamp="2025-04-17T22:48:28 IST">
  <testcase classname="TestCases.TC_LoginTest" name="LoginTest" time="2.069"/>
  <testcase classname="TestCases.TC_AccountRegistrationTest" name="accountRegistrationTest" time="2.382"/>
  <testcase classname="TestCases.TC_DataDrivenLoginTest" name="DataDrivenLoginTest" time="0.0">
    <ignored/>
  </testcase> <!-- DataDrivenLoginTest -->
</testsuite> <!-- Test -->
