<?xml version="1.0" encoding="UTF-8"?>
<!-- Generated by org.testng.reporters.JUnitXMLReporter -->
<testsuite ignored="0" hostname="LAPTOP-0PKOEQOA" failures="0" tests="10" name="Test1" time="107.68" errors="0" timestamp="2025-04-18T14:42:00 IST">
  <testcase classname="TestCases.TC_LoginTest" name="LoginTest" time="2.007"/>
  <testcase classname="TestCases.TC_AccountRegistrationTest" name="accountRegistrationTest" time="1.804"/>
  <testcase classname="TestCases.TC_DataDrivenLoginTest" name="DataDrivenLoginTest" time="14.209"/>
  <testcase classname="TestCases.TC_DataDrivenLoginTest" name="DataDrivenLoginTest" time="5.081"/>
  <testcase classname="TestCases.TC_DataDrivenLoginTest" name="DataDrivenLoginTest" time="14.256"/>
  <testcase classname="TestCases.TC_DataDrivenLoginTest" name="DataDrivenLoginTest" time="13.717"/>
  <testcase classname="TestCases.TC_DataDrivenLoginTest" name="DataDrivenLoginTest" time="4.869"/>
  <testcase classname="TestCases.TC_DataDrivenLoginTest" name="DataDrivenLoginTest" time="13.612"/>
  <testcase classname="TestCases.TC_DataDrivenLoginTest" name="DataDrivenLoginTest" time="13.751"/>
  <testcase classname="TestCases.TC_DataDrivenLoginTest" name="DataDrivenLoginTest" time="13.928"/>
</testsuite> <!-- Test1 -->
