<?xml version="1.0" encoding="UTF-8"?>
<!-- Generated by org.testng.reporters.JUnitXMLReporter -->
<testsuite ignored="0" hostname="LAPTOP-0PKOEQOA" failures="1" tests="1" name="Test(failed)" time="43.788" errors="0" timestamp="2025-04-14T21:55:55 IST">
  <testcase classname="TestCases.TC_LoginTest" name="LoginTest" time="2.985">
    <failure type="java.lang.AssertionError" message="null">
      <![CDATA[java.lang.AssertionError: null
at TestCases.TC_LoginTest.LoginTest(TC_LoginTest.java:47)
at java.base/java.util.ArrayList.forEach(ArrayList.java:1596)
... Removed 27 stack frames]]>
    </failure>
  </testcase> <!-- LoginTest -->
</testsuite> <!-- Test(failed) -->
