<?xml version="1.0" encoding="UTF-8"?>
<testng-results ignored="0" total="10" passed="10" failed="0" skipped="0">
  <reporter-output>
  </reporter-output>
  <suite started-at="2025-04-18T14:40:12 IST" name="Suite" finished-at="2025-04-18T14:42:00 IST" duration-ms="107680">
    <groups>
      <group name="Master">
        <method signature="TC_AccountRegistrationTest.accountRegistrationTest()[pri:0, instance:TestCases.TC_AccountRegistrationTest@4ddbbdf8]" name="accountRegistrationTest" class="TestCases.TC_AccountRegistrationTest"/>
        <method signature="TC_LoginTest.LoginTest()[pri:0, instance:TestCases.TC_LoginTest@59cba5a]" name="LoginTest" class="TestCases.TC_LoginTest"/>
      </group> <!-- Master -->
      <group name="Sanity">
        <method signature="TC_LoginTest.LoginTest()[pri:0, instance:TestCases.TC_LoginTest@59cba5a]" name="LoginTest" class="TestCases.TC_LoginTest"/>
      </group> <!-- Sanity -->
      <group name="DataDriven">
        <method signature="TC_DataDrivenLoginTest.DataDrivenLoginTest(java.lang.String,java.lang.String,java.lang.String)[pri:0, instance:TestCases.TC_DataDrivenLoginTest@3f67593e]" name="DataDrivenLoginTest" class="TestCases.TC_DataDrivenLoginTest"/>
      </group> <!-- DataDriven -->
      <group name="Regression">
        <method signature="TC_AccountRegistrationTest.accountRegistrationTest()[pri:0, instance:TestCases.TC_AccountRegistrationTest@4ddbbdf8]" name="accountRegistrationTest" class="TestCases.TC_AccountRegistrationTest"/>
      </group> <!-- Regression -->
    </groups>
    <test started-at="2025-04-18T14:40:12 IST" name="Test1" finished-at="2025-04-18T14:42:00 IST" duration-ms="107680">
      <class name="TestCases.TC_AccountRegistrationTest">
        <test-method is-config="true" signature="setUp(java.lang.String,java.lang.String)[pri:0, instance:TestCases.TC_AccountRegistrationTest@4ddbbdf8]" started-at="2025-04-18T14:40:19 IST" name="setUp" finished-at="2025-04-18T14:40:21 IST" duration-ms="2043" status="PASS">
          <params>
            <param index="0">
              <value>
                <![CDATA[chrome]]>
              </value>
            </param>
            <param index="1">
              <value>
                <![CDATA[windows]]>
              </value>
            </param>
          </params>
          <reporter-output>
          </reporter-output>
        </test-method> <!-- setUp -->
        <test-method signature="accountRegistrationTest()[pri:0, instance:TestCases.TC_AccountRegistrationTest@4ddbbdf8]" started-at="2025-04-18T14:40:21 IST" name="accountRegistrationTest" finished-at="2025-04-18T14:40:23 IST" duration-ms="1804" status="PASS">
          <reporter-output>
          </reporter-output>
        </test-method> <!-- accountRegistrationTest -->
        <test-method is-config="true" signature="tearDown()[pri:0, instance:TestCases.TC_AccountRegistrationTest@4ddbbdf8]" started-at="2025-04-18T14:40:23 IST" name="tearDown" finished-at="2025-04-18T14:40:23 IST" duration-ms="197" status="PASS">
          <reporter-output>
          </reporter-output>
        </test-method> <!-- tearDown -->
      </class> <!-- TestCases.TC_AccountRegistrationTest -->
      <class name="TestCases.TC_LoginTest">
        <test-method is-config="true" signature="setUp(java.lang.String,java.lang.String)[pri:0, instance:TestCases.TC_LoginTest@59cba5a]" started-at="2025-04-18T14:40:12 IST" name="setUp" finished-at="2025-04-18T14:40:17 IST" duration-ms="4793" status="PASS">
          <params>
            <param index="0">
              <value>
                <![CDATA[chrome]]>
              </value>
            </param>
            <param index="1">
              <value>
                <![CDATA[windows]]>
              </value>
            </param>
          </params>
          <reporter-output>
          </reporter-output>
        </test-method> <!-- setUp -->
        <test-method signature="LoginTest()[pri:0, instance:TestCases.TC_LoginTest@59cba5a]" started-at="2025-04-18T14:40:17 IST" name="LoginTest" finished-at="2025-04-18T14:40:19 IST" duration-ms="2007" status="PASS">
          <reporter-output>
          </reporter-output>
        </test-method> <!-- LoginTest -->
        <test-method is-config="true" signature="tearDown()[pri:0, instance:TestCases.TC_LoginTest@59cba5a]" started-at="2025-04-18T14:40:19 IST" name="tearDown" finished-at="2025-04-18T14:40:19 IST" duration-ms="218" status="PASS">
          <reporter-output>
          </reporter-output>
        </test-method> <!-- tearDown -->
      </class> <!-- TestCases.TC_LoginTest -->
      <class name="TestCases.TC_DataDrivenLoginTest">
        <test-method is-config="true" signature="setUp(java.lang.String,java.lang.String)[pri:0, instance:TestCases.TC_DataDrivenLoginTest@3f67593e]" started-at="2025-04-18T14:40:23 IST" name="setUp" finished-at="2025-04-18T14:40:25 IST" duration-ms="1853" status="PASS">
          <params>
            <param index="0">
              <value>
                <![CDATA[chrome]]>
              </value>
            </param>
            <param index="1">
              <value>
                <![CDATA[windows]]>
              </value>
            </param>
          </params>
          <reporter-output>
          </reporter-output>
        </test-method> <!-- setUp -->
        <test-method signature="DataDrivenLoginTest(java.lang.String,java.lang.String,java.lang.String)[pri:0, instance:TestCases.TC_DataDrivenLoginTest@3f67593e]" started-at="2025-04-18T14:40:26 IST" name="DataDrivenLoginTest" data-provider="LoginData" finished-at="2025-04-18T14:40:40 IST" duration-ms="14209" status="PASS">
          <params>
            <param index="0">
              <value>
                <![CDATA[xyz1234@gmail.com]]>
              </value>
            </param>
            <param index="1">
              <value>
                <![CDATA[xyz123pass]]>
              </value>
            </param>
            <param index="2">
              <value>
                <![CDATA[invalid]]>
              </value>
            </param>
          </params>
          <reporter-output>
          </reporter-output>
        </test-method> <!-- DataDrivenLoginTest -->
        <test-method signature="DataDrivenLoginTest(java.lang.String,java.lang.String,java.lang.String)[pri:0, instance:TestCases.TC_DataDrivenLoginTest@3f67593e]" started-at="2025-04-18T14:40:40 IST" name="DataDrivenLoginTest" data-provider="LoginData" finished-at="2025-04-18T14:40:45 IST" duration-ms="5081" status="PASS">
          <params>
            <param index="0">
              <value>
                <![CDATA[mydemoemail@gmail.com]]>
              </value>
            </param>
            <param index="1">
              <value>
                <![CDATA[12345demo]]>
              </value>
            </param>
            <param index="2">
              <value>
                <![CDATA[valid]]>
              </value>
            </param>
          </params>
          <reporter-output>
          </reporter-output>
        </test-method> <!-- DataDrivenLoginTest -->
        <test-method signature="DataDrivenLoginTest(java.lang.String,java.lang.String,java.lang.String)[pri:0, instance:TestCases.TC_DataDrivenLoginTest@3f67593e]" started-at="2025-04-18T14:40:45 IST" name="DataDrivenLoginTest" data-provider="LoginData" finished-at="2025-04-18T14:41:00 IST" duration-ms="14256" status="PASS">
          <params>
            <param index="0">
              <value>
                <![CDATA[abcwrong@gmail.com]]>
              </value>
            </param>
            <param index="1">
              <value>
                <![CDATA[wrong1234]]>
              </value>
            </param>
            <param index="2">
              <value>
                <![CDATA[invalid]]>
              </value>
            </param>
          </params>
          <reporter-output>
          </reporter-output>
        </test-method> <!-- DataDrivenLoginTest -->
        <test-method signature="DataDrivenLoginTest(java.lang.String,java.lang.String,java.lang.String)[pri:0, instance:TestCases.TC_DataDrivenLoginTest@3f67593e]" started-at="2025-04-18T14:41:00 IST" name="DataDrivenLoginTest" data-provider="LoginData" finished-at="2025-04-18T14:41:13 IST" duration-ms="13717" status="PASS">
          <params>
            <param index="0">
              <value>
                <![CDATA[pqrs567@gmail.com]]>
              </value>
            </param>
            <param index="1">
              <value>
                <![CDATA[pqrs7878]]>
              </value>
            </param>
            <param index="2">
              <value>
                <![CDATA[invalid]]>
              </value>
            </param>
          </params>
          <reporter-output>
          </reporter-output>
        </test-method> <!-- DataDrivenLoginTest -->
        <test-method signature="DataDrivenLoginTest(java.lang.String,java.lang.String,java.lang.String)[pri:0, instance:TestCases.TC_DataDrivenLoginTest@3f67593e]" started-at="2025-04-18T14:41:13 IST" name="DataDrivenLoginTest" data-provider="LoginData" finished-at="2025-04-18T14:41:18 IST" duration-ms="4869" status="PASS">
          <params>
            <param index="0">
              <value>
                <![CDATA[12345true@gmail.com]]>
              </value>
            </param>
            <param index="1">
              <value>
                <![CDATA[123true]]>
              </value>
            </param>
            <param index="2">
              <value>
                <![CDATA[valid]]>
              </value>
            </param>
          </params>
          <reporter-output>
          </reporter-output>
        </test-method> <!-- DataDrivenLoginTest -->
        <test-method signature="DataDrivenLoginTest(java.lang.String,java.lang.String,java.lang.String)[pri:0, instance:TestCases.TC_DataDrivenLoginTest@3f67593e]" started-at="2025-04-18T14:41:18 IST" name="DataDrivenLoginTest" data-provider="LoginData" finished-at="2025-04-18T14:41:32 IST" duration-ms="13612" status="PASS">
          <params>
            <param index="0">
              <value>
                <![CDATA[jkjkdj@gmail.com]]>
              </value>
            </param>
            <param index="1">
              <value>
                <![CDATA[fdfd]]>
              </value>
            </param>
            <param index="2">
              <value>
                <![CDATA[invalid]]>
              </value>
            </param>
          </params>
          <reporter-output>
          </reporter-output>
        </test-method> <!-- DataDrivenLoginTest -->
        <test-method signature="DataDrivenLoginTest(java.lang.String,java.lang.String,java.lang.String)[pri:0, instance:TestCases.TC_DataDrivenLoginTest@3f67593e]" started-at="2025-04-18T14:41:32 IST" name="DataDrivenLoginTest" data-provider="LoginData" finished-at="2025-04-18T14:41:46 IST" duration-ms="13751" status="PASS">
          <params>
            <param index="0">
              <value>
                <![CDATA[]]>
              </value>
            </param>
            <param index="1">
              <value>
                <![CDATA[]]>
              </value>
            </param>
            <param index="2">
              <value>
                <![CDATA[]]>
              </value>
            </param>
          </params>
          <reporter-output>
          </reporter-output>
        </test-method> <!-- DataDrivenLoginTest -->
        <test-method signature="DataDrivenLoginTest(java.lang.String,java.lang.String,java.lang.String)[pri:0, instance:TestCases.TC_DataDrivenLoginTest@3f67593e]" started-at="2025-04-18T14:41:46 IST" name="DataDrivenLoginTest" data-provider="LoginData" finished-at="2025-04-18T14:42:00 IST" duration-ms="13928" status="PASS">
          <params>
            <param index="0">
              <value>
                <![CDATA[]]>
              </value>
            </param>
            <param index="1">
              <value>
                <![CDATA[]]>
              </value>
            </param>
            <param index="2">
              <value>
                <![CDATA[]]>
              </value>
            </param>
          </params>
          <reporter-output>
          </reporter-output>
        </test-method> <!-- DataDrivenLoginTest -->
        <test-method is-config="true" signature="tearDown()[pri:0, instance:TestCases.TC_DataDrivenLoginTest@3f67593e]" started-at="2025-04-18T14:42:00 IST" name="tearDown" finished-at="2025-04-18T14:42:00 IST" duration-ms="195" status="PASS">
          <reporter-output>
          </reporter-output>
        </test-method> <!-- tearDown -->
      </class> <!-- TestCases.TC_DataDrivenLoginTest -->
    </test> <!-- Test1 -->
  </suite> <!-- Suite -->
</testng-results>
