<?xml version="1.0" encoding="UTF-8"?>
<testng-results ignored="0" total="2" passed="2" failed="0" skipped="0">
  <reporter-output>
  </reporter-output>
  <suite started-at="2025-04-17T22:48:18 IST" name="Suite" finished-at="2025-04-17T22:48:28 IST" duration-ms="10330">
    <groups>
      <group name="Master">
        <method signature="TC_AccountRegistrationTest.accountRegistrationTest()[pri:0, instance:TestCases.TC_AccountRegistrationTest@602e0143]" name="accountRegistrationTest" class="TestCases.TC_AccountRegistrationTest"/>
        <method signature="TC_LoginTest.LoginTest()[pri:0, instance:TestCases.TC_LoginTest@64bce832]" name="LoginTest" class="TestCases.TC_LoginTest"/>
      </group> <!-- Master -->
      <group name="Sanity">
        <method signature="TC_LoginTest.LoginTest()[pri:0, instance:TestCases.TC_LoginTest@64bce832]" name="LoginTest" class="TestCases.TC_LoginTest"/>
      </group> <!-- Sanity -->
      <group name="Regression">
        <method signature="TC_AccountRegistrationTest.accountRegistrationTest()[pri:0, instance:TestCases.TC_AccountRegistrationTest@602e0143]" name="accountRegistrationTest" class="TestCases.TC_AccountRegistrationTest"/>
      </group> <!-- Regression -->
    </groups>
    <test started-at="2025-04-17T22:48:18 IST" name="Test" finished-at="2025-04-17T22:48:28 IST" duration-ms="10330">
      <class name="TestCases.TC_AccountRegistrationTest">
        <test-method is-config="true" signature="setUp(java.lang.String,java.lang.String)[pri:0, instance:TestCases.TC_AccountRegistrationTest@602e0143]" started-at="2025-04-17T22:48:24 IST" name="setUp" finished-at="2025-04-17T22:48:26 IST" duration-ms="2169" status="PASS">
          <params>
            <param index="0">
              <value>
                <![CDATA[chrome]]>
              </value>
            </param>
            <param index="1">
              <value>
                <![CDATA[windows]]>
              </value>
            </param>
          </params>
          <reporter-output>
          </reporter-output>
        </test-method> <!-- setUp -->
        <test-method signature="accountRegistrationTest()[pri:0, instance:TestCases.TC_AccountRegistrationTest@602e0143]" started-at="2025-04-17T22:48:26 IST" name="accountRegistrationTest" finished-at="2025-04-17T22:48:28 IST" duration-ms="2382" status="PASS">
          <reporter-output>
          </reporter-output>
        </test-method> <!-- accountRegistrationTest -->
        <test-method is-config="true" signature="tearDown()[pri:0, instance:TestCases.TC_AccountRegistrationTest@602e0143]" started-at="2025-04-17T22:48:28 IST" name="tearDown" finished-at="2025-04-17T22:48:28 IST" duration-ms="168" status="PASS">
          <reporter-output>
          </reporter-output>
        </test-method> <!-- tearDown -->
      </class> <!-- TestCases.TC_AccountRegistrationTest -->
      <class name="TestCases.TC_LoginTest">
        <test-method is-config="true" signature="setUp(java.lang.String,java.lang.String)[pri:0, instance:TestCases.TC_LoginTest@64bce832]" started-at="2025-04-17T22:48:18 IST" name="setUp" finished-at="2025-04-17T22:48:21 IST" duration-ms="3343" status="PASS">
          <params>
            <param index="0">
              <value>
                <![CDATA[chrome]]>
              </value>
            </param>
            <param index="1">
              <value>
                <![CDATA[windows]]>
              </value>
            </param>
          </params>
          <reporter-output>
          </reporter-output>
        </test-method> <!-- setUp -->
        <test-method signature="LoginTest()[pri:0, instance:TestCases.TC_LoginTest@64bce832]" started-at="2025-04-17T22:48:21 IST" name="LoginTest" finished-at="2025-04-17T22:48:23 IST" duration-ms="2069" status="PASS">
          <reporter-output>
          </reporter-output>
        </test-method> <!-- LoginTest -->
        <test-method is-config="true" signature="tearDown()[pri:0, instance:TestCases.TC_LoginTest@64bce832]" started-at="2025-04-17T22:48:23 IST" name="tearDown" finished-at="2025-04-17T22:48:24 IST" duration-ms="146" status="PASS">
          <reporter-output>
          </reporter-output>
        </test-method> <!-- tearDown -->
      </class> <!-- TestCases.TC_LoginTest -->
    </test> <!-- Test -->
  </suite> <!-- Suite -->
</testng-results>
